<?xml version="1.0" encoding="UTF-8"?>
<!-- Generated by org.testng.reporters.JUnitXMLReporter -->
<testsuite ignored="0" hostname="Viveks-MacBook-Pro.local" failures="0" tests="6" name="Resolver Testcases" time="27.826" errors="0" timestamp="2023-10-11T14:55:11 GMT-06:00">
  <testcase classname="testcases.Test1" name="test1_Login" time="0.212"/>
  <testcase classname="testcases.Test2" name="test2_ListItems" time="0.069"/>
  <testcase classname="testcases.Test3" name="testCustomDropdown" time="0.509"/>
  <testcase classname="testcases.Test4" name="test4_ButtonStates" time="0.059"/>
  <testcase classname="testcases.Test5" name="test5_WaitForButtonAndVerify" time="5.678"/>
  <testcase classname="testcases.Test6" name="test6_GetCellValue" time="0.037"/>
</testsuite> <!-- Resolver Testcases -->
