<?xml version="1.0" encoding="UTF-8"?>
<!-- Generated by org.testng.reporters.JUnitXMLReporter -->
<testsuite ignored="0" hostname="Viveks-MacBook-Pro.local" failures="0" tests="6" name="Resolver Testcases" time="25.892" errors="0" timestamp="13 Oct 2023 03:22:50 GMT">
  <testcase classname="testcases.Test1" name="test1_Login" time="0.232"/>
  <testcase classname="testcases.Test2" name="test2_ListItems" time="0.08"/>
  <testcase classname="testcases.Test3" name="testCustomDropdown" time="0.517"/>
  <testcase classname="testcases.Test4" name="test4_ButtonStates" time="0.06"/>
  <testcase classname="testcases.Test5" name="test5_WaitForButtonAndVerify" time="3.538"/>
  <testcase classname="testcases.Test6" name="test6_GetCellValue" time="0.042"/>
</testsuite> <!-- Resolver Testcases -->
