<?xml version="1.0" encoding="UTF-8"?>
<testng-results ignored="0" total="6" passed="6" failed="0" skipped="0">
  <reporter-output>
  </reporter-output>
  <suite started-at="2023-10-11T14:54:43 GMT-06:00" name="Resolver Assessment" finished-at="2023-10-11T14:55:11 GMT-06:00" duration-ms="27826">
    <groups>
    </groups>
    <test started-at="2023-10-11T14:54:43 GMT-06:00" name="Resolver Testcases" finished-at="2023-10-11T14:55:11 GMT-06:00" duration-ms="27826">
      <class name="testcases.Test3">
        <test-method is-config="true" signature="setUp()[pri:0, instance:testcases.Test3@35cabb2a]" started-at="2023-10-11T14:54:51 GMT-06:00" name="setUp" finished-at="2023-10-11T14:54:54 GMT-06:00" duration-ms="2715" status="PASS">
          <reporter-output>
          </reporter-output>
        </test-method> <!-- setUp -->
        <test-method signature="testCustomDropdown()[pri:0, instance:testcases.Test3@35cabb2a]" started-at="2023-10-11T14:54:54 GMT-06:00" name="testCustomDropdown" finished-at="2023-10-11T14:54:54 GMT-06:00" duration-ms="509" status="PASS">
          <reporter-output>
          </reporter-output>
        </test-method> <!-- testCustomDropdown -->
        <test-method is-config="true" signature="tearDown()[pri:0, instance:testcases.Test3@35cabb2a]" started-at="2023-10-11T14:54:54 GMT-06:00" name="tearDown" finished-at="2023-10-11T14:54:55 GMT-06:00" duration-ms="490" status="PASS">
          <reporter-output>
          </reporter-output>
        </test-method> <!-- tearDown -->
      </class> <!-- testcases.Test3 -->
      <class name="testcases.Test4">
        <test-method is-config="true" signature="setUp()[pri:0, instance:testcases.Test4@7e07db1f]" started-at="2023-10-11T14:54:55 GMT-06:00" name="setUp" finished-at="2023-10-11T14:54:57 GMT-06:00" duration-ms="2530" status="PASS">
          <reporter-output>
          </reporter-output>
        </test-method> <!-- setUp -->
        <test-method signature="test4_ButtonStates()[pri:0, instance:testcases.Test4@7e07db1f]" started-at="2023-10-11T14:54:57 GMT-06:00" name="test4_ButtonStates" finished-at="2023-10-11T14:54:57 GMT-06:00" duration-ms="59" status="PASS">
          <reporter-output>
          </reporter-output>
        </test-method> <!-- test4_ButtonStates -->
        <test-method is-config="true" signature="tearDown()[pri:0, instance:testcases.Test4@7e07db1f]" started-at="2023-10-11T14:54:57 GMT-06:00" name="tearDown" finished-at="2023-10-11T14:54:58 GMT-06:00" duration-ms="1024" status="PASS">
          <reporter-output>
          </reporter-output>
        </test-method> <!-- tearDown -->
      </class> <!-- testcases.Test4 -->
      <class name="testcases.Test5">
        <test-method is-config="true" signature="setUp()[pri:0, instance:testcases.Test5@1189dd52]" started-at="2023-10-11T14:54:58 GMT-06:00" name="setUp" finished-at="2023-10-11T14:55:01 GMT-06:00" duration-ms="2755" status="PASS">
          <reporter-output>
          </reporter-output>
        </test-method> <!-- setUp -->
        <test-method signature="test5_WaitForButtonAndVerify()[pri:0, instance:testcases.Test5@1189dd52]" started-at="2023-10-11T14:55:01 GMT-06:00" name="test5_WaitForButtonAndVerify" finished-at="2023-10-11T14:55:07 GMT-06:00" duration-ms="5678" status="PASS">
          <reporter-output>
          </reporter-output>
        </test-method> <!-- test5_WaitForButtonAndVerify -->
        <test-method is-config="true" signature="tearDown()[pri:0, instance:testcases.Test5@1189dd52]" started-at="2023-10-11T14:55:07 GMT-06:00" name="tearDown" finished-at="2023-10-11T14:55:07 GMT-06:00" duration-ms="488" status="PASS">
          <reporter-output>
          </reporter-output>
        </test-method> <!-- tearDown -->
      </class> <!-- testcases.Test5 -->
      <class name="testcases.Test6">
        <test-method is-config="true" signature="setUp()[pri:0, instance:testcases.Test6@36bc55de]" started-at="2023-10-11T14:55:07 GMT-06:00" name="setUp" finished-at="2023-10-11T14:55:10 GMT-06:00" duration-ms="2561" status="PASS">
          <reporter-output>
          </reporter-output>
        </test-method> <!-- setUp -->
        <test-method signature="test6_GetCellValue()[pri:0, instance:testcases.Test6@36bc55de]" started-at="2023-10-11T14:55:10 GMT-06:00" name="test6_GetCellValue" finished-at="2023-10-11T14:55:10 GMT-06:00" duration-ms="37" status="PASS">
          <reporter-output>
          </reporter-output>
        </test-method> <!-- test6_GetCellValue -->
        <test-method is-config="true" signature="tearDown()[pri:0, instance:testcases.Test6@36bc55de]" started-at="2023-10-11T14:55:10 GMT-06:00" name="tearDown" finished-at="2023-10-11T14:55:11 GMT-06:00" duration-ms="1006" status="PASS">
          <reporter-output>
          </reporter-output>
        </test-method> <!-- tearDown -->
      </class> <!-- testcases.Test6 -->
      <class name="testcases.Test1">
        <test-method is-config="true" signature="setUp()[pri:0, instance:testcases.Test1@661972b0]" started-at="2023-10-11T14:54:43 GMT-06:00" name="setUp" finished-at="2023-10-11T14:54:46 GMT-06:00" duration-ms="3341" status="PASS">
          <reporter-output>
          </reporter-output>
        </test-method> <!-- setUp -->
        <test-method signature="test1_Login()[pri:0, instance:testcases.Test1@661972b0]" started-at="2023-10-11T14:54:46 GMT-06:00" name="test1_Login" finished-at="2023-10-11T14:54:47 GMT-06:00" duration-ms="212" status="PASS">
          <reporter-output>
          </reporter-output>
        </test-method> <!-- test1_Login -->
        <test-method is-config="true" signature="tearDown()[pri:0, instance:testcases.Test1@661972b0]" started-at="2023-10-11T14:54:47 GMT-06:00" name="tearDown" finished-at="2023-10-11T14:54:47 GMT-06:00" duration-ms="626" status="PASS">
          <reporter-output>
          </reporter-output>
        </test-method> <!-- tearDown -->
      </class> <!-- testcases.Test1 -->
      <class name="testcases.Test2">
        <test-method is-config="true" signature="setUp()[pri:0, instance:testcases.Test2@3a93b025]" started-at="2023-10-11T14:54:47 GMT-06:00" name="setUp" finished-at="2023-10-11T14:54:50 GMT-06:00" duration-ms="2729" status="PASS">
          <reporter-output>
          </reporter-output>
        </test-method> <!-- setUp -->
        <test-method signature="test2_ListItems()[pri:0, instance:testcases.Test2@3a93b025]" started-at="2023-10-11T14:54:50 GMT-06:00" name="test2_ListItems" finished-at="2023-10-11T14:54:50 GMT-06:00" duration-ms="69" status="PASS">
          <reporter-output>
          </reporter-output>
        </test-method> <!-- test2_ListItems -->
        <test-method is-config="true" signature="tearDown()[pri:0, instance:testcases.Test2@3a93b025]" started-at="2023-10-11T14:54:50 GMT-06:00" name="tearDown" finished-at="2023-10-11T14:54:51 GMT-06:00" duration-ms="906" status="PASS">
          <reporter-output>
          </reporter-output>
        </test-method> <!-- tearDown -->
      </class> <!-- testcases.Test2 -->
    </test> <!-- Resolver Testcases -->
  </suite> <!-- Resolver Assessment -->
</testng-results>
