<?xml version="1.0" encoding="UTF-8"?>
<testng-results ignored="0" total="6" passed="6" failed="0" skipped="0">
  <reporter-output>
  </reporter-output>
  <suite started-at="2023-10-13T03:22:24Z" name="Resolver Assessment" finished-at="2023-10-13T03:22:50Z" duration-ms="25892">
    <groups>
    </groups>
    <test started-at="2023-10-13T03:22:24Z" name="Resolver Testcases" finished-at="2023-10-13T03:22:50Z" duration-ms="25892">
      <class name="testcases.Test3">
        <test-method is-config="true" signature="setUp()[pri:0, instance:testcases.Test3@70be0a2b]" started-at="2023-10-13T03:22:32Z" name="setUp" finished-at="2023-10-13T03:22:35Z" duration-ms="2503" status="PASS">
          <reporter-output>
          </reporter-output>
        </test-method> <!-- setUp -->
        <test-method signature="testCustomDropdown()[pri:0, instance:testcases.Test3@70be0a2b]" started-at="2023-10-13T03:22:35Z" name="testCustomDropdown" finished-at="2023-10-13T03:22:35Z" duration-ms="517" status="PASS">
          <reporter-output>
          </reporter-output>
        </test-method> <!-- testCustomDropdown -->
        <test-method is-config="true" signature="tearDown()[pri:0, instance:testcases.Test3@70be0a2b]" started-at="2023-10-13T03:22:35Z" name="tearDown" finished-at="2023-10-13T03:22:36Z" duration-ms="702" status="PASS">
          <reporter-output>
          </reporter-output>
        </test-method> <!-- tearDown -->
      </class> <!-- testcases.Test3 -->
      <class name="testcases.Test4">
        <test-method is-config="true" signature="setUp()[pri:0, instance:testcases.Test4@2133814f]" started-at="2023-10-13T03:22:36Z" name="setUp" finished-at="2023-10-13T03:22:38Z" duration-ms="2517" status="PASS">
          <reporter-output>
          </reporter-output>
        </test-method> <!-- setUp -->
        <test-method signature="test4_ButtonStates()[pri:0, instance:testcases.Test4@2133814f]" started-at="2023-10-13T03:22:38Z" name="test4_ButtonStates" finished-at="2023-10-13T03:22:38Z" duration-ms="60" status="PASS">
          <reporter-output>
          </reporter-output>
        </test-method> <!-- test4_ButtonStates -->
        <test-method is-config="true" signature="tearDown()[pri:0, instance:testcases.Test4@2133814f]" started-at="2023-10-13T03:22:38Z" name="tearDown" finished-at="2023-10-13T03:22:39Z" duration-ms="1005" status="PASS">
          <reporter-output>
          </reporter-output>
        </test-method> <!-- tearDown -->
      </class> <!-- testcases.Test4 -->
      <class name="testcases.Test5">
        <test-method is-config="true" signature="setUp()[pri:0, instance:testcases.Test5@4c15e7fd]" started-at="2023-10-13T03:22:39Z" name="setUp" finished-at="2023-10-13T03:22:42Z" duration-ms="2727" status="PASS">
          <reporter-output>
          </reporter-output>
        </test-method> <!-- setUp -->
        <test-method signature="test5_WaitForButtonAndVerify()[pri:0, instance:testcases.Test5@4c15e7fd]" started-at="2023-10-13T03:22:42Z" name="test5_WaitForButtonAndVerify" finished-at="2023-10-13T03:22:46Z" duration-ms="3538" status="PASS">
          <reporter-output>
          </reporter-output>
        </test-method> <!-- test5_WaitForButtonAndVerify -->
        <test-method is-config="true" signature="tearDown()[pri:0, instance:testcases.Test5@4c15e7fd]" started-at="2023-10-13T03:22:46Z" name="tearDown" finished-at="2023-10-13T03:22:46Z" duration-ms="487" status="PASS">
          <reporter-output>
          </reporter-output>
        </test-method> <!-- tearDown -->
      </class> <!-- testcases.Test5 -->
      <class name="testcases.Test6">
        <test-method is-config="true" signature="setUp()[pri:0, instance:testcases.Test6@23986957]" started-at="2023-10-13T03:22:46Z" name="setUp" finished-at="2023-10-13T03:22:49Z" duration-ms="2525" status="PASS">
          <reporter-output>
          </reporter-output>
        </test-method> <!-- setUp -->
        <test-method signature="test6_GetCellValue()[pri:0, instance:testcases.Test6@23986957]" started-at="2023-10-13T03:22:49Z" name="test6_GetCellValue" finished-at="2023-10-13T03:22:49Z" duration-ms="42" status="PASS">
          <reporter-output>
          </reporter-output>
        </test-method> <!-- test6_GetCellValue -->
        <test-method is-config="true" signature="tearDown()[pri:0, instance:testcases.Test6@23986957]" started-at="2023-10-13T03:22:49Z" name="tearDown" finished-at="2023-10-13T03:22:50Z" duration-ms="1007" status="PASS">
          <reporter-output>
          </reporter-output>
        </test-method> <!-- tearDown -->
      </class> <!-- testcases.Test6 -->
      <class name="testcases.Test1">
        <test-method is-config="true" signature="setUp()[pri:0, instance:testcases.Test1@7fc2413d]" started-at="2023-10-13T03:22:24Z" name="setUp" finished-at="2023-10-13T03:22:28Z" duration-ms="3838" status="PASS">
          <reporter-output>
          </reporter-output>
        </test-method> <!-- setUp -->
        <test-method signature="test1_Login()[pri:0, instance:testcases.Test1@7fc2413d]" started-at="2023-10-13T03:22:28Z" name="test1_Login" finished-at="2023-10-13T03:22:28Z" duration-ms="232" status="PASS">
          <reporter-output>
          </reporter-output>
        </test-method> <!-- test1_Login -->
        <test-method is-config="true" signature="tearDown()[pri:0, instance:testcases.Test1@7fc2413d]" started-at="2023-10-13T03:22:28Z" name="tearDown" finished-at="2023-10-13T03:22:28Z" duration-ms="534" status="PASS">
          <reporter-output>
          </reporter-output>
        </test-method> <!-- tearDown -->
      </class> <!-- testcases.Test1 -->
      <class name="testcases.Test2">
        <test-method is-config="true" signature="setUp()[pri:0, instance:testcases.Test2@f8c1ddd]" started-at="2023-10-13T03:22:28Z" name="setUp" finished-at="2023-10-13T03:22:31Z" duration-ms="2639" status="PASS">
          <reporter-output>
          </reporter-output>
        </test-method> <!-- setUp -->
        <test-method signature="test2_ListItems()[pri:0, instance:testcases.Test2@f8c1ddd]" started-at="2023-10-13T03:22:31Z" name="test2_ListItems" finished-at="2023-10-13T03:22:31Z" duration-ms="80" status="PASS">
          <reporter-output>
          </reporter-output>
        </test-method> <!-- test2_ListItems -->
        <test-method is-config="true" signature="tearDown()[pri:0, instance:testcases.Test2@f8c1ddd]" started-at="2023-10-13T03:22:31Z" name="tearDown" finished-at="2023-10-13T03:22:32Z" duration-ms="909" status="PASS">
          <reporter-output>
          </reporter-output>
        </test-method> <!-- tearDown -->
      </class> <!-- testcases.Test2 -->
    </test> <!-- Resolver Testcases -->
  </suite> <!-- Resolver Assessment -->
</testng-results>
